2024-11-15 01:33:59 [main] ERROR main.Main - Критична помилка у програмі.
java.util.InputMismatchException: null
	at java.util.Scanner.throwFor(Scanner.java:964) ~[?:?]
	at java.util.Scanner.next(Scanner.java:1619) ~[?:?]
	at java.util.Scanner.nextInt(Scanner.java:2284) ~[?:?]
	at java.util.Scanner.nextInt(Scanner.java:2238) ~[?:?]
	at main.Menu.displayMenu(Menu.java:37) ~[classes/:?]
	at main.Main.main(Main.java:43) ~[classes/:?]
2024-11-15 01:37:59 [main] ERROR main.Main - Критична помилка у програмі.
java.util.InputMismatchException: null
	at java.util.Scanner.throwFor(Scanner.java:964) ~[?:?]
	at java.util.Scanner.next(Scanner.java:1619) ~[?:?]
	at java.util.Scanner.nextInt(Scanner.java:2284) ~[?:?]
	at java.util.Scanner.nextInt(Scanner.java:2238) ~[?:?]
	at main.Menu.displayMenu(Menu.java:37) ~[classes/:?]
	at main.Main.main(Main.java:43) ~[classes/:?]
2024-11-15 01:39:10 [main] INFO  main.Main - Запуск програми
2024-11-15 01:39:17 [main] ERROR main.Main - Критична помилка у програмі.
java.util.InputMismatchException: null
	at java.util.Scanner.throwFor(Scanner.java:964) ~[?:?]
	at java.util.Scanner.next(Scanner.java:1619) ~[?:?]
	at java.util.Scanner.nextInt(Scanner.java:2284) ~[?:?]
	at java.util.Scanner.nextInt(Scanner.java:2238) ~[?:?]
	at main.Menu.displayMenu(Menu.java:37) ~[classes/:?]
	at main.Main.main(Main.java:43) ~[classes/:?]
2024-11-15 01:43:47 [main] INFO  main.Main - Запуск програми
2024-11-15 01:49:31 [main] INFO  main.Main - Запуск програми
2024-11-15 01:49:34 [main] WARN  main.Main - Портфоліо порожнє.

2024-11-15 01:49:53 [main] INFO  main.Main - Ви ще можете відкрити - 2 кредитів
2024-11-15 01:49:53 [main] INFO  main.Main - Ваше портфоліо кредитів:
2024-11-15 01:49:53 [main] INFO  main.Main - 
Кредит від банку УкрБанк
2024-11-15 01:49:53 [main] INFO  main.Main - Кредит: Зелений кредит
2024-11-15 01:49:53 [main] INFO  main.Main - Номер кредиту: 2290
2024-11-15 01:49:53 [main] INFO  main.Main - Сума: 200000.0 | Відсоткова ставка: 9.0% | Термін: 36 місяців

2024-11-15 01:49:55 [main] ERROR main.Main - Критична помилка у програмі.
java.util.InputMismatchException: null
	at java.util.Scanner.throwFor(Scanner.java:964) ~[?:?]
	at java.util.Scanner.next(Scanner.java:1619) ~[?:?]
	at java.util.Scanner.nextInt(Scanner.java:2284) ~[?:?]
	at java.util.Scanner.nextInt(Scanner.java:2238) ~[?:?]
	at main.Menu.displayMenu(Menu.java:37) ~[classes/:?]
	at main.Main.main(Main.java:43) ~[classes/:?]
2024-11-15 01:54:21 [main] INFO  main.Main - Ви ще можете відкрити - 3 кредитів
2024-11-15 01:54:21 [main] INFO  main.Main - Ваше портфоліо кредитів:
2024-11-15 01:54:21 [main] INFO  main.Main - 
Кредит від John Doe
2024-11-15 01:54:21 [main] INFO  main.Main - Номер кредиту: 12
2024-11-15 01:54:21 [main] INFO  main.Main - Сума: 5000.0 | Відсоткова ставка: 2.0% | Термін: 5 місяців

2024-11-15 01:54:21 [main] INFO  main.Main - 
Кредит від банку MyBank
2024-11-15 01:54:21 [main] INFO  main.Main - Кредит: Mortgage
2024-11-15 01:54:21 [main] INFO  main.Main - Номер кредиту: 24
2024-11-15 01:54:21 [main] INFO  main.Main - Сума: 10000.0 | Відсоткова ставка: 3.0% | Термін: 4 місяців

2024-11-15 01:54:21 [main] INFO  main.Main - Ви ще можете відкрити - 3 кредитів
2024-11-15 01:54:21 [main] INFO  main.Main - Ваше портфоліо кредитів:
2024-11-15 01:54:21 [main] INFO  main.Main - 
Кредит від John Doe
2024-11-15 01:54:21 [main] INFO  main.Main - Номер кредиту: 12
2024-11-15 01:54:21 [main] INFO  main.Main - Сума: 5000.0 | Відсоткова ставка: 5.0% | Термін: 5 місяців

2024-11-15 01:54:21 [main] INFO  main.Main - Ви ще можете відкрити - 3 кредитів
2024-11-15 01:54:21 [main] INFO  main.Main - Ваше портфоліо кредитів:
2024-11-15 01:54:21 [main] INFO  main.Main - 
Кредит від банку MyBank
2024-11-15 01:54:21 [main] INFO  main.Main - Кредит: Mortgage
2024-11-15 01:54:21 [main] INFO  main.Main - Номер кредиту: 24
2024-11-15 01:54:21 [main] INFO  main.Main - Сума: 10000.0 | Відсоткова ставка: 5.0% | Термін: 4 місяців

2024-11-15 01:54:21 [main] WARN  main.Main - Портфоліо порожнє.

2024-11-15 01:58:04 [main] INFO  main.Main - Ви ще можете відкрити - 3 кредитів
2024-11-15 01:58:04 [main] INFO  main.Main - Ваше портфоліо кредитів:
2024-11-15 01:58:04 [main] INFO  main.Main - 
Кредит від John Doe
2024-11-15 01:58:04 [main] INFO  main.Main - Номер кредиту: 12
2024-11-15 01:58:04 [main] INFO  main.Main - Сума: 5000.0 | Відсоткова ставка: 2.0% | Термін: 5 місяців

2024-11-15 01:58:04 [main] INFO  main.Main - 
Кредит від банку MyBank
2024-11-15 01:58:04 [main] INFO  main.Main - Кредит: Mortgage
2024-11-15 01:58:04 [main] INFO  main.Main - Номер кредиту: 24
2024-11-15 01:58:04 [main] INFO  main.Main - Сума: 10000.0 | Відсоткова ставка: 3.0% | Термін: 4 місяців

2024-11-15 01:58:04 [main] INFO  main.Main - Ви ще можете відкрити - 3 кредитів
2024-11-15 01:58:04 [main] INFO  main.Main - Ваше портфоліо кредитів:
2024-11-15 01:58:04 [main] INFO  main.Main - 
Кредит від John Doe
2024-11-15 01:58:04 [main] INFO  main.Main - Номер кредиту: 12
2024-11-15 01:58:04 [main] INFO  main.Main - Сума: 5000.0 | Відсоткова ставка: 5.0% | Термін: 5 місяців

2024-11-15 01:58:04 [main] INFO  main.Main - Ви ще можете відкрити - 3 кредитів
2024-11-15 01:58:04 [main] INFO  main.Main - Ваше портфоліо кредитів:
2024-11-15 01:58:04 [main] INFO  main.Main - 
Кредит від банку MyBank
2024-11-15 01:58:04 [main] INFO  main.Main - Кредит: Mortgage
2024-11-15 01:58:04 [main] INFO  main.Main - Номер кредиту: 24
2024-11-15 01:58:04 [main] INFO  main.Main - Сума: 10000.0 | Відсоткова ставка: 5.0% | Термін: 4 місяців

2024-11-15 01:58:04 [main] WARN  main.Main - Портфоліо порожнє.

2024-11-18 13:11:44 [main] INFO  main.Main - Запуск програми
2024-11-18 13:13:29 [main] INFO  main.Main - Ви ще можете відкрити - 3 кредитів
2024-11-18 13:13:29 [main] INFO  main.Main - Ваше портфоліо кредитів:
2024-11-18 13:13:29 [main] INFO  main.Main - 
Кредит від Джон Теллер
2024-11-18 13:13:29 [main] INFO  main.Main - Номер кредиту: 12
2024-11-18 13:13:29 [main] INFO  main.Main - Сума: 5000.0 | Відсоткова ставка: 2.0% | Термін: 5 місяців

2024-11-18 13:13:29 [main] INFO  main.Main - 
Кредит від банку MyBank
2024-11-18 13:13:29 [main] INFO  main.Main - Кредит: Mortgage
2024-11-18 13:13:29 [main] INFO  main.Main - Номер кредиту: 24
2024-11-18 13:13:29 [main] INFO  main.Main - Сума: 10000.0 | Відсоткова ставка: 3.0% | Термін: 4 місяців

2024-11-18 13:13:29 [main] INFO  main.Main - Ви ще можете відкрити - 3 кредитів
2024-11-18 13:13:29 [main] INFO  main.Main - Ваше портфоліо кредитів:
2024-11-18 13:13:29 [main] INFO  main.Main - 
Кредит від Джон Теллер
2024-11-18 13:13:29 [main] INFO  main.Main - Номер кредиту: 12
2024-11-18 13:13:29 [main] INFO  main.Main - Сума: 5000.0 | Відсоткова ставка: 5.0% | Термін: 5 місяців

2024-11-18 13:13:29 [main] INFO  main.Main - Ви ще можете відкрити - 3 кредитів
2024-11-18 13:13:29 [main] INFO  main.Main - Ваше портфоліо кредитів:
2024-11-18 13:13:29 [main] INFO  main.Main - 
Кредит від банку MyBank
2024-11-18 13:13:29 [main] INFO  main.Main - Кредит: Mortgage
2024-11-18 13:13:29 [main] INFO  main.Main - Номер кредиту: 24
2024-11-18 13:13:29 [main] INFO  main.Main - Сума: 10000.0 | Відсоткова ставка: 5.0% | Термін: 4 місяців

2024-11-18 13:13:29 [main] WARN  main.Main - Портфоліо порожнє.

2024-11-18 13:17:34 [main] INFO  main.Main - Ви ще можете відкрити - 3 кредитів
2024-11-18 13:17:34 [main] INFO  main.Main - Ваше портфоліо кредитів:
2024-11-18 13:17:34 [main] INFO  main.Main - 
Кредит від Джон Теллер
2024-11-18 13:17:34 [main] INFO  main.Main - Номер кредиту: 12
2024-11-18 13:17:34 [main] INFO  main.Main - Сума: 5000.0 | Відсоткова ставка: 2.0% | Термін: 5 місяців

2024-11-18 13:17:34 [main] INFO  main.Main - 
Кредит від банку MyBank
2024-11-18 13:17:34 [main] INFO  main.Main - Кредит: Mortgage
2024-11-18 13:17:34 [main] INFO  main.Main - Номер кредиту: 24
2024-11-18 13:17:34 [main] INFO  main.Main - Сума: 10000.0 | Відсоткова ставка: 3.0% | Термін: 4 місяців

2024-11-18 13:17:34 [main] INFO  main.Main - Ви ще можете відкрити - 3 кредитів
2024-11-18 13:17:34 [main] INFO  main.Main - Ваше портфоліо кредитів:
2024-11-18 13:17:34 [main] INFO  main.Main - 
Кредит від Джон Теллер
2024-11-18 13:17:34 [main] INFO  main.Main - Номер кредиту: 12
2024-11-18 13:17:34 [main] INFO  main.Main - Сума: 5000.0 | Відсоткова ставка: 5.0% | Термін: 5 місяців

2024-11-18 13:17:34 [main] INFO  main.Main - Ви ще можете відкрити - 3 кредитів
2024-11-18 13:17:34 [main] INFO  main.Main - Ваше портфоліо кредитів:
2024-11-18 13:17:34 [main] INFO  main.Main - 
Кредит від банку MyBank
2024-11-18 13:17:34 [main] INFO  main.Main - Кредит: Mortgage
2024-11-18 13:17:34 [main] INFO  main.Main - Номер кредиту: 24
2024-11-18 13:17:34 [main] INFO  main.Main - Сума: 10000.0 | Відсоткова ставка: 5.0% | Термін: 4 місяців

2024-11-18 13:17:34 [main] WARN  main.Main - Портфоліо порожнє.

2024-11-18 13:19:55 [main] INFO  main.Main - Ви ще можете відкрити - 3 кредитів
2024-11-18 13:19:55 [main] INFO  main.Main - Ваше портфоліо кредитів:
2024-11-18 13:19:55 [main] INFO  main.Main - 
Кредит від Джон Теллер
2024-11-18 13:19:55 [main] INFO  main.Main - Номер кредиту: 12
2024-11-18 13:19:55 [main] INFO  main.Main - Сума: 5000.0 | Відсоткова ставка: 2.0% | Термін: 5 місяців

2024-11-18 13:19:55 [main] INFO  main.Main - 
Кредит від банку MyBank
2024-11-18 13:19:55 [main] INFO  main.Main - Кредит: Mortgage
2024-11-18 13:19:55 [main] INFO  main.Main - Номер кредиту: 24
2024-11-18 13:19:55 [main] INFO  main.Main - Сума: 10000.0 | Відсоткова ставка: 3.0% | Термін: 4 місяців

2024-11-18 13:19:55 [main] INFO  main.Main - Ви ще можете відкрити - 3 кредитів
2024-11-18 13:19:55 [main] INFO  main.Main - Ваше портфоліо кредитів:
2024-11-18 13:19:55 [main] INFO  main.Main - 
Кредит від Джон Теллер
2024-11-18 13:19:55 [main] INFO  main.Main - Номер кредиту: 12
2024-11-18 13:19:55 [main] INFO  main.Main - Сума: 5000.0 | Відсоткова ставка: 5.0% | Термін: 5 місяців

2024-11-18 13:19:55 [main] INFO  main.Main - Ви ще можете відкрити - 3 кредитів
2024-11-18 13:19:55 [main] INFO  main.Main - Ваше портфоліо кредитів:
2024-11-18 13:19:55 [main] INFO  main.Main - 
Кредит від банку MyBank
2024-11-18 13:19:55 [main] INFO  main.Main - Кредит: Mortgage
2024-11-18 13:19:55 [main] INFO  main.Main - Номер кредиту: 24
2024-11-18 13:19:55 [main] INFO  main.Main - Сума: 10000.0 | Відсоткова ставка: 5.0% | Термін: 4 місяців

2024-11-18 13:19:55 [main] WARN  main.Main - Портфоліо порожнє.

2024-11-18 13:23:18 [main] INFO  main.Main - Ви ще можете відкрити - 3 кредитів
2024-11-18 13:23:18 [main] INFO  main.Main - Ваше портфоліо кредитів:
2024-11-18 13:23:18 [main] INFO  main.Main - 
Кредит від Джон Теллер
2024-11-18 13:23:18 [main] INFO  main.Main - Номер кредиту: 12
2024-11-18 13:23:18 [main] INFO  main.Main - Сума: 5000.0 | Відсоткова ставка: 2.0% | Термін: 5 місяців

2024-11-18 13:23:18 [main] INFO  main.Main - 
Кредит від банку MyBank
2024-11-18 13:23:18 [main] INFO  main.Main - Кредит: Mortgage
2024-11-18 13:23:18 [main] INFO  main.Main - Номер кредиту: 24
2024-11-18 13:23:18 [main] INFO  main.Main - Сума: 10000.0 | Відсоткова ставка: 3.0% | Термін: 4 місяців

2024-11-18 13:23:18 [main] INFO  main.Main - Ви ще можете відкрити - 3 кредитів
2024-11-18 13:23:18 [main] INFO  main.Main - Ваше портфоліо кредитів:
2024-11-18 13:23:18 [main] INFO  main.Main - 
Кредит від Джон Теллер
2024-11-18 13:23:18 [main] INFO  main.Main - Номер кредиту: 12
2024-11-18 13:23:18 [main] INFO  main.Main - Сума: 5000.0 | Відсоткова ставка: 5.0% | Термін: 5 місяців

2024-11-18 13:23:18 [main] INFO  main.Main - Ви ще можете відкрити - 3 кредитів
2024-11-18 13:23:18 [main] INFO  main.Main - Ваше портфоліо кредитів:
2024-11-18 13:23:18 [main] INFO  main.Main - 
Кредит від банку MyBank
2024-11-18 13:23:18 [main] INFO  main.Main - Кредит: Mortgage
2024-11-18 13:23:18 [main] INFO  main.Main - Номер кредиту: 24
2024-11-18 13:23:18 [main] INFO  main.Main - Сума: 10000.0 | Відсоткова ставка: 5.0% | Термін: 4 місяців

2024-11-18 13:23:18 [main] WARN  main.Main - Портфоліо порожнє.

2024-11-18 13:25:15 [main] INFO  main.Main - Ви ще можете відкрити - 3 кредитів
2024-11-18 13:25:15 [main] INFO  main.Main - Ваше портфоліо кредитів:
2024-11-18 13:25:15 [main] INFO  main.Main - 
Кредит від Джон Теллер
2024-11-18 13:25:15 [main] INFO  main.Main - Номер кредиту: 12
2024-11-18 13:25:15 [main] INFO  main.Main - Сума: 5000.0 | Відсоткова ставка: 2.0% | Термін: 5 місяців

2024-11-18 13:25:15 [main] INFO  main.Main - 
Кредит від банку MyBank
2024-11-18 13:25:15 [main] INFO  main.Main - Кредит: Mortgage
2024-11-18 13:25:15 [main] INFO  main.Main - Номер кредиту: 24
2024-11-18 13:25:15 [main] INFO  main.Main - Сума: 10000.0 | Відсоткова ставка: 3.0% | Термін: 4 місяців

2024-11-18 13:25:15 [main] INFO  main.Main - Ви ще можете відкрити - 3 кредитів
2024-11-18 13:25:15 [main] INFO  main.Main - Ваше портфоліо кредитів:
2024-11-18 13:25:15 [main] INFO  main.Main - 
Кредит від Джон Теллер
2024-11-18 13:25:15 [main] INFO  main.Main - Номер кредиту: 12
2024-11-18 13:25:15 [main] INFO  main.Main - Сума: 5000.0 | Відсоткова ставка: 5.0% | Термін: 5 місяців

2024-11-18 13:25:15 [main] INFO  main.Main - Ви ще можете відкрити - 3 кредитів
2024-11-18 13:25:15 [main] INFO  main.Main - Ваше портфоліо кредитів:
2024-11-18 13:25:15 [main] INFO  main.Main - 
Кредит від банку MyBank
2024-11-18 13:25:15 [main] INFO  main.Main - Кредит: Mortgage
2024-11-18 13:25:15 [main] INFO  main.Main - Номер кредиту: 24
2024-11-18 13:25:15 [main] INFO  main.Main - Сума: 10000.0 | Відсоткова ставка: 5.0% | Термін: 4 місяців

2024-11-18 13:25:15 [main] WARN  main.Main - Портфоліо порожнє.

2024-11-18 13:29:18 [main] INFO  main.Main - Ви ще можете відкрити - 3 кредитів
2024-11-18 13:29:18 [main] INFO  main.Main - Ваше портфоліо кредитів:
2024-11-18 13:29:18 [main] INFO  main.Main - 
Кредит від Джон Теллер
2024-11-18 13:29:18 [main] INFO  main.Main - Номер кредиту: 12
2024-11-18 13:29:18 [main] INFO  main.Main - Сума: 5000.0 | Відсоткова ставка: 2.0% | Термін: 5 місяців

2024-11-18 13:29:18 [main] INFO  main.Main - 
Кредит від банку MyBank
2024-11-18 13:29:18 [main] INFO  main.Main - Кредит: Mortgage
2024-11-18 13:29:18 [main] INFO  main.Main - Номер кредиту: 24
2024-11-18 13:29:18 [main] INFO  main.Main - Сума: 10000.0 | Відсоткова ставка: 3.0% | Термін: 4 місяців

2024-11-18 13:29:18 [main] INFO  main.Main - Ви ще можете відкрити - 3 кредитів
2024-11-18 13:29:18 [main] INFO  main.Main - Ваше портфоліо кредитів:
2024-11-18 13:29:18 [main] INFO  main.Main - 
Кредит від Джон Теллер
2024-11-18 13:29:18 [main] INFO  main.Main - Номер кредиту: 12
2024-11-18 13:29:18 [main] INFO  main.Main - Сума: 5000.0 | Відсоткова ставка: 5.0% | Термін: 5 місяців

2024-11-18 13:29:18 [main] INFO  main.Main - Ви ще можете відкрити - 3 кредитів
2024-11-18 13:29:18 [main] INFO  main.Main - Ваше портфоліо кредитів:
2024-11-18 13:29:18 [main] INFO  main.Main - 
Кредит від банку MyBank
2024-11-18 13:29:18 [main] INFO  main.Main - Кредит: Mortgage
2024-11-18 13:29:18 [main] INFO  main.Main - Номер кредиту: 24
2024-11-18 13:29:18 [main] INFO  main.Main - Сума: 10000.0 | Відсоткова ставка: 5.0% | Термін: 4 місяців

2024-11-18 13:29:18 [main] WARN  main.Main - Портфоліо порожнє.

2024-11-18 13:29:26 [main] INFO  main.Main - Запуск програми
2024-11-18 13:29:34 [main] WARN  main.Main - Портфоліо порожнє.

2024-11-18 13:29:56 [main] INFO  main.Main - Ви ще можете відкрити - 2 кредитів
2024-11-18 13:29:56 [main] INFO  main.Main - Ваше портфоліо кредитів:
2024-11-18 13:29:56 [main] INFO  main.Main - 
Кредит від банку УкрБанк
2024-11-18 13:29:56 [main] INFO  main.Main - Кредит: Кредит на Нерухомість
2024-11-18 13:29:56 [main] INFO  main.Main - Номер кредиту: 2289
2024-11-18 13:29:56 [main] INFO  main.Main - Сума: 900000.0 | Відсоткова ставка: 6.5% | Термін: 180 місяців

2024-11-18 13:47:20 [main] INFO  main.Main - Запуск програми
2024-11-18 13:47:22 [main] ERROR main.Main - Критична помилка у програмі.
java.util.InputMismatchException: null
	at java.util.Scanner.throwFor(Scanner.java:964) ~[?:?]
	at java.util.Scanner.next(Scanner.java:1619) ~[?:?]
	at java.util.Scanner.nextInt(Scanner.java:2284) ~[?:?]
	at java.util.Scanner.nextInt(Scanner.java:2238) ~[?:?]
	at main.Menu.displayMenu(Menu.java:37) ~[classes/:?]
	at main.Main.main(Main.java:39) ~[classes/:?]
2024-11-18 13:54:18 [main] INFO  main.Main - Запуск програми
2024-11-18 13:55:25 [main] INFO  main.Main - Ви ще можете відкрити - 3 кредитів
2024-11-18 13:55:25 [main] INFO  main.Main - Ваше портфоліо кредитів:
2024-11-18 13:55:25 [main] INFO  main.Main - 
Кредит від Джон Теллер
2024-11-18 13:55:25 [main] INFO  main.Main - Номер кредиту: 12
2024-11-18 13:55:25 [main] INFO  main.Main - Сума: 5000.0 | Відсоткова ставка: 2.0% | Термін: 5 місяців

2024-11-18 13:55:25 [main] INFO  main.Main - 
Кредит від банку MyBank
2024-11-18 13:55:25 [main] INFO  main.Main - Кредит: Mortgage
2024-11-18 13:55:25 [main] INFO  main.Main - Номер кредиту: 24
2024-11-18 13:55:25 [main] INFO  main.Main - Сума: 10000.0 | Відсоткова ставка: 3.0% | Термін: 4 місяців

2024-11-18 13:55:25 [main] INFO  main.Main - Ви ще можете відкрити - 3 кредитів
2024-11-18 13:55:25 [main] INFO  main.Main - Ваше портфоліо кредитів:
2024-11-18 13:55:25 [main] INFO  main.Main - 
Кредит від Джон Теллер
2024-11-18 13:55:25 [main] INFO  main.Main - Номер кредиту: 12
2024-11-18 13:55:25 [main] INFO  main.Main - Сума: 5000.0 | Відсоткова ставка: 5.0% | Термін: 5 місяців

2024-11-18 13:55:25 [main] INFO  main.Main - Ви ще можете відкрити - 3 кредитів
2024-11-18 13:55:25 [main] INFO  main.Main - Ваше портфоліо кредитів:
2024-11-18 13:55:25 [main] INFO  main.Main - 
Кредит від банку MyBank
2024-11-18 13:55:25 [main] INFO  main.Main - Кредит: Mortgage
2024-11-18 13:55:25 [main] INFO  main.Main - Номер кредиту: 24
2024-11-18 13:55:25 [main] INFO  main.Main - Сума: 10000.0 | Відсоткова ставка: 5.0% | Термін: 4 місяців

2024-11-18 13:55:25 [main] WARN  main.Main - Портфоліо порожнє.

2024-11-19 20:06:23 [main] INFO  main.Main - Ви ще можете відкрити - 3 кредитів
2024-11-19 20:06:23 [main] INFO  main.Main - Ваше портфоліо кредитів:
2024-11-19 20:06:23 [main] INFO  main.Main - 
Кредит від Джон Теллер
2024-11-19 20:06:23 [main] INFO  main.Main - Номер кредиту: 12
2024-11-19 20:06:23 [main] INFO  main.Main - Сума: 5000.0 | Відсоткова ставка: 2.0% | Термін: 5 місяців

2024-11-19 20:06:23 [main] INFO  main.Main - 
Кредит від банку MyBank
2024-11-19 20:06:23 [main] INFO  main.Main - Кредит: Mortgage
2024-11-19 20:06:23 [main] INFO  main.Main - Номер кредиту: 24
2024-11-19 20:06:23 [main] INFO  main.Main - Сума: 10000.0 | Відсоткова ставка: 3.0% | Термін: 4 місяців

2024-11-19 20:06:23 [main] INFO  main.Main - Ви ще можете відкрити - 3 кредитів
2024-11-19 20:06:23 [main] INFO  main.Main - Ваше портфоліо кредитів:
2024-11-19 20:06:23 [main] INFO  main.Main - 
Кредит від Джон Теллер
2024-11-19 20:06:23 [main] INFO  main.Main - Номер кредиту: 12
2024-11-19 20:06:23 [main] INFO  main.Main - Сума: 5000.0 | Відсоткова ставка: 5.0% | Термін: 5 місяців

2024-11-19 20:06:23 [main] INFO  main.Main - Ви ще можете відкрити - 3 кредитів
2024-11-19 20:06:23 [main] INFO  main.Main - Ваше портфоліо кредитів:
2024-11-19 20:06:23 [main] INFO  main.Main - 
Кредит від банку MyBank
2024-11-19 20:06:23 [main] INFO  main.Main - Кредит: Mortgage
2024-11-19 20:06:23 [main] INFO  main.Main - Номер кредиту: 24
2024-11-19 20:06:23 [main] INFO  main.Main - Сума: 10000.0 | Відсоткова ставка: 5.0% | Термін: 4 місяців

2024-11-19 20:06:23 [main] WARN  main.Main - Портфоліо порожнє.

2024-11-20 09:48:56 [main] INFO  main.Main - Ви ще можете відкрити - 3 кредитів
2024-11-20 09:48:56 [main] INFO  main.Main - Ваше портфоліо кредитів:
2024-11-20 09:48:56 [main] INFO  main.Main - 
Кредит від Джон Теллер
2024-11-20 09:48:56 [main] INFO  main.Main - Номер кредиту: 12
2024-11-20 09:48:56 [main] INFO  main.Main - Сума: 5000.0 | Відсоткова ставка: 2.0% | Термін: 5 місяців

2024-11-20 09:48:56 [main] INFO  main.Main - 
Кредит від банку MyBank
2024-11-20 09:48:56 [main] INFO  main.Main - Кредит: Mortgage
2024-11-20 09:48:56 [main] INFO  main.Main - Номер кредиту: 24
2024-11-20 09:48:56 [main] INFO  main.Main - Сума: 10000.0 | Відсоткова ставка: 3.0% | Термін: 4 місяців

2024-11-20 09:48:56 [main] INFO  main.Main - Ви ще можете відкрити - 3 кредитів
2024-11-20 09:48:56 [main] INFO  main.Main - Ваше портфоліо кредитів:
2024-11-20 09:48:56 [main] INFO  main.Main - 
Кредит від Джон Теллер
2024-11-20 09:48:56 [main] INFO  main.Main - Номер кредиту: 12
2024-11-20 09:48:56 [main] INFO  main.Main - Сума: 5000.0 | Відсоткова ставка: 5.0% | Термін: 5 місяців

2024-11-20 09:48:56 [main] INFO  main.Main - Ви ще можете відкрити - 3 кредитів
2024-11-20 09:48:56 [main] INFO  main.Main - Ваше портфоліо кредитів:
2024-11-20 09:48:56 [main] INFO  main.Main - 
Кредит від банку MyBank
2024-11-20 09:48:56 [main] INFO  main.Main - Кредит: Mortgage
2024-11-20 09:48:56 [main] INFO  main.Main - Номер кредиту: 24
2024-11-20 09:48:56 [main] INFO  main.Main - Сума: 10000.0 | Відсоткова ставка: 5.0% | Термін: 4 місяців

2024-11-20 09:48:56 [main] WARN  main.Main - Портфоліо порожнє.

2024-11-20 09:50:18 [main] INFO  main.Main - Запуск програми
2024-11-20 09:50:34 [main] INFO  main.Main - Запуск програми
2024-11-20 09:50:36 [main] ERROR main.Main - Критична помилка у програмі.
java.util.InputMismatchException: null
	at java.util.Scanner.throwFor(Scanner.java:964) ~[?:?]
	at java.util.Scanner.next(Scanner.java:1619) ~[?:?]
	at java.util.Scanner.nextInt(Scanner.java:2284) ~[?:?]
	at java.util.Scanner.nextInt(Scanner.java:2238) ~[?:?]
	at main.Menu.displayMenu(Menu.java:35) ~[classes/:?]
	at main.Main.main(Main.java:39) ~[classes/:?]
2024-11-20 10:05:22 [main] INFO  main.Main - Ви ще можете відкрити - 3 кредитів
2024-11-20 10:05:22 [main] INFO  main.Main - Ваше портфоліо кредитів:
2024-11-20 10:05:22 [main] INFO  main.Main - 
Кредит від Джон Теллер
2024-11-20 10:05:22 [main] INFO  main.Main - Номер кредиту: 12
2024-11-20 10:05:22 [main] INFO  main.Main - Сума: 5000.0 | Відсоткова ставка: 2.0% | Термін: 5 місяців

2024-11-20 10:05:22 [main] INFO  main.Main - 
Кредит від банку MyBank
2024-11-20 10:05:22 [main] INFO  main.Main - Кредит: Mortgage
2024-11-20 10:05:22 [main] INFO  main.Main - Номер кредиту: 24
2024-11-20 10:05:22 [main] INFO  main.Main - Сума: 10000.0 | Відсоткова ставка: 3.0% | Термін: 4 місяців

2024-11-20 10:05:22 [main] INFO  main.Main - Ви ще можете відкрити - 3 кредитів
2024-11-20 10:05:22 [main] INFO  main.Main - Ваше портфоліо кредитів:
2024-11-20 10:05:22 [main] INFO  main.Main - 
Кредит від Джон Теллер
2024-11-20 10:05:22 [main] INFO  main.Main - Номер кредиту: 12
2024-11-20 10:05:22 [main] INFO  main.Main - Сума: 5000.0 | Відсоткова ставка: 5.0% | Термін: 5 місяців

2024-11-20 10:05:22 [main] INFO  main.Main - Ви ще можете відкрити - 3 кредитів
2024-11-20 10:05:22 [main] INFO  main.Main - Ваше портфоліо кредитів:
2024-11-20 10:05:22 [main] INFO  main.Main - 
Кредит від банку MyBank
2024-11-20 10:05:22 [main] INFO  main.Main - Кредит: Mortgage
2024-11-20 10:05:22 [main] INFO  main.Main - Номер кредиту: 24
2024-11-20 10:05:22 [main] INFO  main.Main - Сума: 10000.0 | Відсоткова ставка: 5.0% | Термін: 4 місяців

2024-11-20 10:05:22 [main] WARN  main.Main - Портфоліо порожнє.

2024-11-20 10:07:20 [main] INFO  main.Main - Запуск програми
2024-11-20 10:07:24 [main] ERROR main.Main - Критична помилка у програмі.
java.util.InputMismatchException: null
	at java.util.Scanner.throwFor(Scanner.java:964) ~[?:?]
	at java.util.Scanner.next(Scanner.java:1619) ~[?:?]
	at java.util.Scanner.nextInt(Scanner.java:2284) ~[?:?]
	at java.util.Scanner.nextInt(Scanner.java:2238) ~[?:?]
	at main.Menu.displayMenu(Menu.java:35) ~[classes/:?]
	at main.Main.main(Main.java:39) ~[classes/:?]
2024-11-20 11:17:04 [main] INFO  main.Main - Ви ще можете відкрити - 3 кредитів
2024-11-20 11:17:04 [main] INFO  main.Main - Ваше портфоліо кредитів:
2024-11-20 11:17:04 [main] INFO  main.Main - 
Кредит від Джон Теллер
2024-11-20 11:17:04 [main] INFO  main.Main - Номер кредиту: 12
2024-11-20 11:17:04 [main] INFO  main.Main - Сума: 5000.0 | Відсоткова ставка: 2.0% | Термін: 5 місяців

2024-11-20 11:17:04 [main] INFO  main.Main - 
Кредит від банку MyBank
2024-11-20 11:17:04 [main] INFO  main.Main - Кредит: Mortgage
2024-11-20 11:17:04 [main] INFO  main.Main - Номер кредиту: 24
2024-11-20 11:17:04 [main] INFO  main.Main - Сума: 10000.0 | Відсоткова ставка: 3.0% | Термін: 4 місяців

2024-11-20 11:17:04 [main] INFO  main.Main - Ви ще можете відкрити - 3 кредитів
2024-11-20 11:17:04 [main] INFO  main.Main - Ваше портфоліо кредитів:
2024-11-20 11:17:04 [main] INFO  main.Main - 
Кредит від Джон Теллер
2024-11-20 11:17:04 [main] INFO  main.Main - Номер кредиту: 12
2024-11-20 11:17:04 [main] INFO  main.Main - Сума: 5000.0 | Відсоткова ставка: 5.0% | Термін: 5 місяців

2024-11-20 11:17:04 [main] INFO  main.Main - Ви ще можете відкрити - 3 кредитів
2024-11-20 11:17:04 [main] INFO  main.Main - Ваше портфоліо кредитів:
2024-11-20 11:17:04 [main] INFO  main.Main - 
Кредит від банку MyBank
2024-11-20 11:17:04 [main] INFO  main.Main - Кредит: Mortgage
2024-11-20 11:17:04 [main] INFO  main.Main - Номер кредиту: 24
2024-11-20 11:17:04 [main] INFO  main.Main - Сума: 10000.0 | Відсоткова ставка: 5.0% | Термін: 4 місяців

2024-11-20 11:17:04 [main] WARN  main.Main - Портфоліо порожнє.

